<?xml version="1.0" encoding="UTF-8"?>
<testsuite xmlns:xsi="http://www.w3.org/2001/XMLSchema-instance" xsi:noNamespaceSchemaLocation="https://maven.apache.org/surefire/maven-surefire-plugin/xsd/surefire-test-report.xsd" name="HospitalTest" time="0.144" tests="24" errors="12" skipped="0" failures="5">
  <properties>
[...]
</properties>
  <testcase name="realizarPagamentoMedicoNuloSemExcecao" classname="HospitalTest" time="0.063">
    <failure message="Unexpected exception thrown: java.lang.NullPointerException" type="org.opentest4j.AssertionFailedError">org.opentest4j.AssertionFailedError: Unexpected exception thrown: java.lang.NullPointerException
	at HospitalTest.realizarPagamentoMedicoNuloSemExcecao(HospitalTest.java:83)
Caused by: java.lang.NullPointerException
	at HospitalTest.lambda$realizarPagamentoMedicoNuloSemExcecao$2(HospitalTest.java:83)
	at HospitalTest.realizarPagamentoMedicoNuloSemExcecao(HospitalTest.java:83)
</failure>
  </testcase>
  <testcase name="realizarPagamentoMedicoNulo" classname="HospitalTest" time="0">
    <error type="java.lang.NullPointerException">java.lang.NullPointerException
	at HospitalTest.realizarPagamentoMedicoNulo(HospitalTest.java:74)
</error>
  </testcase>
  <testcase name="realizarPagamentoMedicoInativo" classname="HospitalTest" time="0.002"/>
  <testcase name="construtorHospital" classname="HospitalTest" time="0.001"/>
  <testcase name="realizarPagamentoHoraExtraMedicoNulo" classname="HospitalTest" time="0.002">
    <error message="Uncompilable code - method realizarPagamento in class com.sptech.atividade.com.testes.Hospital cannot be applied to given types;&#10;  required: com.sptech.atividade.com.testes.Medico,java.lang.Double&#10;  found: &lt;nulltype&gt;,double,double&#10;  reason: actual and formal argument lists differ in length" type="java.lang.RuntimeException"><![CDATA[java.lang.RuntimeException: 
Uncompilable code - method realizarPagamento in class com.sptech.atividade.com.testes.Hospital cannot be applied to given types;
  required: com.sptech.atividade.com.testes.Medico,java.lang.Double
  found: <nulltype>,double,double
  reason: actual and formal argument lists differ in length
	at HospitalTest.realizarPagamentoHoraExtraMedicoNulo(HospitalTest.java:1)
]]></error>
  </testcase>
  <testcase name="classeHospitalGettersESetters" classname="HospitalTest" time="0.018">
    <failure message="Expected java.lang.NoSuchMethodException to be thrown, but nothing was thrown." type="org.opentest4j.AssertionFailedError">org.opentest4j.AssertionFailedError: Expected java.lang.NoSuchMethodException to be thrown, but nothing was thrown.
	at HospitalTest.classeHospitalGettersESetters(HospitalTest.java:217)
</failure>
  </testcase>
  <testcase name="realizarPagamentoValorValido" classname="HospitalTest" time="0.003">
    <failure message="expected: &lt;1&gt; but was: &lt;0&gt;" type="org.opentest4j.AssertionFailedError"><![CDATA[org.opentest4j.AssertionFailedError: expected: <1> but was: <0>
	at HospitalTest.realizarPagamentoValorValido(HospitalTest.java:58)
]]></failure>
  </testcase>
  <testcase name="classeMedicoAtributosPrivados" classname="HospitalTest" time="0.003"/>
  <testcase name="realizarPagamentoHoraExtraValorInvalido" classname="HospitalTest" time="0.002">
    <error message="Uncompilable code - method realizarPagamento in class com.sptech.atividade.com.testes.Hospital cannot be applied to given types;&#10;  required: com.sptech.atividade.com.testes.Medico,java.lang.Double&#10;  found: com.sptech.atividade.com.testes.Medico,double,double&#10;  reason: actual and formal argument lists differ in length" type="java.lang.RuntimeException">java.lang.RuntimeException: 
Uncompilable code - method realizarPagamento in class com.sptech.atividade.com.testes.Hospital cannot be applied to given types;
  required: com.sptech.atividade.com.testes.Medico,java.lang.Double
  found: com.sptech.atividade.com.testes.Medico,double,double
  reason: actual and formal argument lists differ in length
	at HospitalTest.realizarPagamentoHoraExtraValorInvalido(HospitalTest.java:1)
</error>
  </testcase>
  <testcase name="desligarMedicoInvalido" classname="HospitalTest" time="0.002">
    <error message="Uncompilable code - cannot find symbol&#10;  symbol:   method desligarMedico(&lt;nulltype&gt;)&#10;  location: variable hospital of type com.sptech.atividade.com.testes.Hospital" type="java.lang.RuntimeException"><![CDATA[java.lang.RuntimeException: 
Uncompilable code - cannot find symbol
  symbol:   method desligarMedico(<nulltype>)
  location: variable hospital of type com.sptech.atividade.com.testes.Hospital
	at HospitalTest.desligarMedicoInvalido(HospitalTest.java:1)
]]></error>
  </testcase>
  <testcase name="realizarPagamentoHoraExtraNull" classname="HospitalTest" time="0.001">
    <error message="Uncompilable code - method realizarPagamento in class com.sptech.atividade.com.testes.Hospital cannot be applied to given types;&#10;  required: com.sptech.atividade.com.testes.Medico,java.lang.Double&#10;  found: com.sptech.atividade.com.testes.Medico,double,&lt;nulltype&gt;&#10;  reason: actual and formal argument lists differ in length" type="java.lang.RuntimeException"><![CDATA[java.lang.RuntimeException: 
Uncompilable code - method realizarPagamento in class com.sptech.atividade.com.testes.Hospital cannot be applied to given types;
  required: com.sptech.atividade.com.testes.Medico,java.lang.Double
  found: com.sptech.atividade.com.testes.Medico,double,<nulltype>
  reason: actual and formal argument lists differ in length
	at HospitalTest.realizarPagamentoHoraExtraNull(HospitalTest.java:1)
]]></error>
  </testcase>
  <testcase name="realizarPagamentoHoraExtraNegativa" classname="HospitalTest" time="0.002">
    <error message="Uncompilable code - method realizarPagamento in class com.sptech.atividade.com.testes.Hospital cannot be applied to given types;&#10;  required: com.sptech.atividade.com.testes.Medico,java.lang.Double&#10;  found: com.sptech.atividade.com.testes.Medico,double,double&#10;  reason: actual and formal argument lists differ in length" type="java.lang.RuntimeException">java.lang.RuntimeException: 
Uncompilable code - method realizarPagamento in class com.sptech.atividade.com.testes.Hospital cannot be applied to given types;
  required: com.sptech.atividade.com.testes.Medico,java.lang.Double
  found: com.sptech.atividade.com.testes.Medico,double,double
  reason: actual and formal argument lists differ in length
	at HospitalTest.realizarPagamentoHoraExtraNegativa(HospitalTest.java:1)
</error>
  </testcase>
  <testcase name="realizarPagamentoHoraExtraMedicoNuloSemExcecao" classname="HospitalTest" time="0.002">
    <error message="Uncompilable code - method realizarPagamento in class com.sptech.atividade.com.testes.Hospital cannot be applied to given types;&#10;  required: com.sptech.atividade.com.testes.Medico,java.lang.Double&#10;  found: &lt;nulltype&gt;,double,double&#10;  reason: actual and formal argument lists differ in length" type="java.lang.RuntimeException"><![CDATA[java.lang.RuntimeException: 
Uncompilable code - method realizarPagamento in class com.sptech.atividade.com.testes.Hospital cannot be applied to given types;
  required: com.sptech.atividade.com.testes.Medico,java.lang.Double
  found: <nulltype>,double,double
  reason: actual and formal argument lists differ in length
	at HospitalTest.realizarPagamentoHoraExtraMedicoNuloSemExcecao(HospitalTest.java:1)
]]></error>
  </testcase>
  <testcase name="construtorMedico" classname="HospitalTest" time="0.002">
    <error message="Uncompilable code - cannot find symbol&#10;  symbol:   method getAtivo()&#10;  location: variable medico of type com.sptech.atividade.com.testes.Medico" type="java.lang.RuntimeException">java.lang.RuntimeException: 
Uncompilable code - cannot find symbol
  symbol:   method getAtivo()
  location: variable medico of type com.sptech.atividade.com.testes.Medico
	at HospitalTest.construtorMedico(HospitalTest.java:1)
</error>
  </testcase>
  <testcase name="realizarPagamentoHoraExtraValorValido" classname="HospitalTest" time="0.001">
    <error message="Uncompilable code - method realizarPagamento in class com.sptech.atividade.com.testes.Hospital cannot be applied to given types;&#10;  required: com.sptech.atividade.com.testes.Medico,java.lang.Double&#10;  found: com.sptech.atividade.com.testes.Medico,double,double&#10;  reason: actual and formal argument lists differ in length" type="java.lang.RuntimeException">java.lang.RuntimeException: 
Uncompilable code - method realizarPagamento in class com.sptech.atividade.com.testes.Hospital cannot be applied to given types;
  required: com.sptech.atividade.com.testes.Medico,java.lang.Double
  found: com.sptech.atividade.com.testes.Medico,double,double
  reason: actual and formal argument lists differ in length
	at HospitalTest.realizarPagamentoHoraExtraValorValido(HospitalTest.java:1)
</error>
  </testcase>
  <testcase name="classeHospitalAtributosPrivados" classname="HospitalTest" time="0.003"/>
  <testcase name="realizarPagamentoValorInvalido" classname="HospitalTest" time="0.001"/>
  <testcase name="realizarPagamentoValorNulo" classname="HospitalTest" time="0.001">
    <error type="java.lang.NullPointerException">java.lang.NullPointerException
	at HospitalTest.realizarPagamentoValorNulo(HospitalTest.java:89)
</error>
  </testcase>
  <testcase name="realizarPagamentoHoraExtraMedicoInativo" classname="HospitalTest" time="0.001">
    <error message="Uncompilable code - method realizarPagamento in class com.sptech.atividade.com.testes.Hospital cannot be applied to given types;&#10;  required: com.sptech.atividade.com.testes.Medico,java.lang.Double&#10;  found: com.sptech.atividade.com.testes.Medico,double,double&#10;  reason: actual and formal argument lists differ in length" type="java.lang.RuntimeException">java.lang.RuntimeException: 
Uncompilable code - method realizarPagamento in class com.sptech.atividade.com.testes.Hospital cannot be applied to given types;
  required: com.sptech.atividade.com.testes.Medico,java.lang.Double
  found: com.sptech.atividade.com.testes.Medico,double,double
  reason: actual and formal argument lists differ in length
	at HospitalTest.realizarPagamentoHoraExtraMedicoInativo(HospitalTest.java:1)
</error>
  </testcase>
  <testcase name="classeMedicoMetodosPublicos" classname="HospitalTest" time="0.001"/>
  <testcase name="classeMedicoGettersESetters" classname="HospitalTest" time="0.002">
    <failure message="Unexpected exception thrown: java.lang.NoSuchMethodException: com.sptech.atividade.com.testes.Medico.getAtivo()" type="org.opentest4j.AssertionFailedError">org.opentest4j.AssertionFailedError: Unexpected exception thrown: java.lang.NoSuchMethodException: com.sptech.atividade.com.testes.Medico.getAtivo()
	at HospitalTest.classeMedicoGettersESetters(HospitalTest.java:251)
Caused by: java.lang.NoSuchMethodException: com.sptech.atividade.com.testes.Medico.getAtivo()
	at HospitalTest.lambda$classeMedicoGettersESetters$10(HospitalTest.java:251)
	at HospitalTest.classeMedicoGettersESetters(HospitalTest.java:251)
</failure>
  </testcase>
  <testcase name="classeHospitalaMetodosPublicos" classname="HospitalTest" time="0.001"/>
  <testcase name="desligarMedicoValido" classname="HospitalTest" time="0.002">
    <error message="Uncompilable code - cannot find symbol&#10;  symbol:   method desligarMedico(com.sptech.atividade.com.testes.Medico)&#10;  location: variable hospital of type com.sptech.atividade.com.testes.Hospital" type="java.lang.RuntimeException">java.lang.RuntimeException: 
Uncompilable code - cannot find symbol
  symbol:   method desligarMedico(com.sptech.atividade.com.testes.Medico)
  location: variable hospital of type com.sptech.atividade.com.testes.Hospital
	at HospitalTest.desligarMedicoValido(HospitalTest.java:1)
</error>
  </testcase>
  <testcase name="realizarPagamentoValorNuloSemExcecao" classname="HospitalTest" time="0.002">
    <failure message="Unexpected exception thrown: java.lang.NullPointerException" type="org.opentest4j.AssertionFailedError">org.opentest4j.AssertionFailedError: Unexpected exception thrown: java.lang.NullPointerException
	at HospitalTest.realizarPagamentoValorNuloSemExcecao(HospitalTest.java:98)
Caused by: java.lang.NullPointerException
	at HospitalTest.lambda$realizarPagamentoValorNuloSemExcecao$3(HospitalTest.java:98)
	at HospitalTest.realizarPagamentoValorNuloSemExcecao(HospitalTest.java:98)
</failure>
  </testcase>
</testsuite>